{
  "RSpec": {
    "coverage": {
      "/Users/ericschaeffer/challenges/rock-me-through-the-night/app/models/user.rb": [
        1,
        null,
        null,
        1,
        null,
        null,
        1,
        1,
        1,
        1,
        1,
        1,
        1,
        1,
        null
      ],
      "/Users/ericschaeffer/challenges/rock-me-through-the-night/app/models/application_record.rb": [
        1,
        1,
        null
      ],
      "/Users/ericschaeffer/challenges/rock-me-through-the-night/app/models/concert.rb": [
        1,
        1,
        1,
        1,
        1,
        1,
        1,
        null
      ],
      "/Users/ericschaeffer/challenges/rock-me-through-the-night/app/controllers/concerts_controller.rb": [
        1,
        null,
        1,
        2,
        null,
        null,
        1,
        2,
        null,
        null,
        1,
        0,
        0,
        0,
        0,
        0,
        null,
        0,
        0,
        null,
        null,
        null,
        1,
        1,
        1,
        null,
        null,
        1,
        1,
        0,
        null,
        null
      ],
      "/Users/ericschaeffer/challenges/rock-me-through-the-night/app/controllers/application_controller.rb": [
        1,
        null,
        null,
        1,
        null
      ],
      "/Users/ericschaeffer/challenges/rock-me-through-the-night/app/models/comment.rb": [
        1,
        1,
        1,
        1,
        null
      ],
      "/Users/ericschaeffer/challenges/rock-me-through-the-night/app/controllers/comments_controller.rb": [
        0,
        null,
        0,
        0,
        0,
        null,
        0,
        0,
        0,
        0,
        0,
        null,
        0,
        0,
        0,
        0,
        0,
        0,
        null,
        null,
        0,
        0,
        0,
        0,
        0,
        0,
        0,
        null,
        0,
        null,
        0,
        0,
        0,
        0
      ],
      "/Users/ericschaeffer/challenges/rock-me-through-the-night/app/controllers/homes_controller.rb": [
        0,
        0,
        0,
        0
      ],
      "/Users/ericschaeffer/challenges/rock-me-through-the-night/app/controllers/static_pages_controller.rb": [
        0,
        0,
        0,
        0
      ],
      "/Users/ericschaeffer/challenges/rock-me-through-the-night/app/controllers/users_controller.rb": [
        0,
        null,
        0,
        0,
        0,
        null,
        0,
        0,
        0,
        null,
        0,
        0,
        0,
        0,
        0,
        null,
        0,
        0,
        0,
        0,
        0
      ]
    },
    "timestamp": 1526067850
  }
}
